<?xml version="1.0" encoding="UTF-8"?>
<testsuite name="AppTest" tests="2" skipped="0" failures="0" errors="0" timestamp="2015-08-13T18:59:11" hostname="epicodus-102.local" time="0.002">
  <properties/>
  <testcase name="makeChange_ifMoneyIsGreaterThan25CentsAddQuarter_1" classname="AppTest" time="0.001"/>
  <testcase name="makeChange_ifMoneyIsGreaterThan10CentsAddDime_2" classname="AppTest" time="0.0"/>
  <system-out><![CDATA[[I@5399ec9f
[I@66a7d6c2
[I@2fbeeae4
[I@77772817
]]></system-out>
  <system-err><![CDATA[]]></system-err>
</testsuite>
