<?xml version="1.0" encoding="UTF-8"?>
<testsuite name="AppTest" tests="4" skipped="0" failures="0" errors="0" timestamp="2015-08-13T21:14:15" hostname="epicodus-102.local" time="0.001">
  <properties/>
  <testcase name="makeChange_ifMoneyIsGreaterThan5CentsAddNickle_1" classname="AppTest" time="0.001"/>
  <testcase name="makeChange_ifMoneyIsGreaterThan25CentsAddQuarter_1" classname="AppTest" time="0.0"/>
  <testcase name="makeChange_ifMoneyIsGreaterThan1CentsAddPennies_3" classname="AppTest" time="0.0"/>
  <testcase name="makeChange_ifMoneyIsGreaterThan10CentsAddDime_2" classname="AppTest" time="0.0"/>
  <system-out><![CDATA[]]></system-out>
  <system-err><![CDATA[]]></system-err>
</testsuite>
