<?xml version="1.0" encoding="UTF-8"?>
<testsuite name="AppTest" tests="1" skipped="0" failures="0" errors="0" timestamp="2015-08-13T18:04:51" hostname="epicodus-102.local" time="0.0">
  <properties/>
  <testcase name="makeChange_ifMoneyIsGreaterThan25CentsAddQuarter_1" classname="AppTest" time="0.0"/>
  <system-out><![CDATA[]]></system-out>
  <system-err><![CDATA[]]></system-err>
</testsuite>
