<?xml version="1.0" encoding="UTF-8"?>
<testsuite name="AppUnitTest" tests="4" skipped="0" failures="0" errors="0" timestamp="2015-08-13T22:13:34" hostname="epicodus-102.local" time="0.002">
  <properties/>
  <testcase name="makeChange_ifMoneyIsGreaterThan5CentsAddNickle_1" classname="AppUnitTest" time="0.0"/>
  <testcase name="makeChange_ifMoneyIsGreaterThan25CentsAddQuarter_1" classname="AppUnitTest" time="0.0"/>
  <testcase name="makeChange_ifMoneyIsGreaterThan1CentsAddPennies_3" classname="AppUnitTest" time="0.0"/>
  <testcase name="makeChange_ifMoneyIsGreaterThan10CentsAddDime_2" classname="AppUnitTest" time="0.0"/>
  <system-out><![CDATA[]]></system-out>
  <system-err><![CDATA[]]></system-err>
</testsuite>
