<?xml version="1.0" encoding="UTF-8"?>
<testsuite name="AppIntegrationTest" tests="2" skipped="0" failures="0" errors="0" timestamp="2015-08-13T23:41:36" hostname="epicodus-102.local" time="0.324">
  <properties/>
  <testcase name="rootTest" classname="AppIntegrationTest" time="0.252"/>
  <testcase name="inputTest" classname="AppIntegrationTest" time="0.067"/>
  <system-out><![CDATA[]]></system-out>
  <system-err><![CDATA[[Thread-4] INFO spark.webserver.SparkServer - == Spark has ignited ...
[Thread-4] INFO spark.webserver.SparkServer - >> Listening on 0.0.0.0:4567
[Thread-4] INFO org.eclipse.jetty.server.Server - jetty-9.0.2.v20130417
[Thread-4] INFO org.eclipse.jetty.server.ServerConnector - Started ServerConnector@4b091912{HTTP/1.1}{0.0.0.0:4567}
[Test worker] INFO spark.webserver.SparkServer - >>> Spark shutting down ...
[Test worker] INFO org.eclipse.jetty.server.Server - Graceful shutdown org.eclipse.jetty.server.Server@f8a4551 by 
[Test worker] INFO org.eclipse.jetty.server.ServerConnector - Stopped ServerConnector@4b091912{HTTP/1.1}{0.0.0.0:4567}
[Test worker] INFO spark.webserver.SparkServer - done
]]></system-err>
</testsuite>
